[debug] [2024-03-19T19:39:33.593Z] ----------------------------------------------------------------------
[debug] [2024-03-19T19:39:33.598Z] Command:       /home/zachbell09/.nvm/versions/node/v20.11.0/bin/node /home/zachbell09/.nvm/versions/node/v20.11.0/bin/firebase init
[debug] [2024-03-19T19:39:33.599Z] CLI Version:   13.5.1
[debug] [2024-03-19T19:39:33.599Z] Platform:      linux
[debug] [2024-03-19T19:39:33.599Z] Node Version:  v20.11.0
[debug] [2024-03-19T19:39:33.599Z] Time:          Tue Mar 19 2024 10:39:33 GMT-0900 (Hawaii-Aleutian Daylight Time)
[debug] [2024-03-19T19:39:33.599Z] ----------------------------------------------------------------------
[debug] 
[debug] [2024-03-19T19:39:33.603Z] > command requires scopes: ["email","openid","https://www.googleapis.com/auth/cloudplatformprojects.readonly","https://www.googleapis.com/auth/firebase","https://www.googleapis.com/auth/cloud-platform"]
[debug] [2024-03-19T19:39:33.604Z] > authorizing via signed-in user (zach.mcguire09@gmail.com)
[info] 
     ######## #### ########  ######## ########     ###     ######  ########
     ##        ##  ##     ## ##       ##     ##  ##   ##  ##       ##
     ######    ##  ########  ######   ########  #########  ######  ######
     ##        ##  ##    ##  ##       ##     ## ##     ##       ## ##
     ##       #### ##     ## ######## ########  ##     ##  ######  ########

You're about to initialize a Firebase project in this directory:

  /home/zachbell09/Desktop/Tpq-site

[info] 
=== Project Setup
[info] 
[info] First, let's associate this project directory with a Firebase project.
[info] You can create multiple project aliases by running firebase use --add, 
[info] but for now we'll just set up a default project.
[info] 
[debug] [2024-03-19T19:39:41.571Z] >>> [apiv2][query] GET https://firebase.googleapis.com/v1beta1/projects pageSize=100
[debug] [2024-03-19T19:39:41.858Z] <<< [apiv2][status] GET https://firebase.googleapis.com/v1beta1/projects 200
[debug] [2024-03-19T19:39:41.858Z] <<< [apiv2][body] GET https://firebase.googleapis.com/v1beta1/projects [omitted]
[info] i  Using project tpq-server (tpq-server) 
[info] 
=== Hosting Setup
[debug] [2024-03-19T19:39:44.054Z] >>> [apiv2][query] GET https://firebase.googleapis.com/v1beta1/projects/tpq-server [none]
[debug] [2024-03-19T19:39:44.164Z] <<< [apiv2][status] GET https://firebase.googleapis.com/v1beta1/projects/tpq-server 200
[debug] [2024-03-19T19:39:44.164Z] <<< [apiv2][body] GET https://firebase.googleapis.com/v1beta1/projects/tpq-server {"projectId":"tpq-server","projectNumber":"170264989596","displayName":"tpq-server","name":"projects/tpq-server","resources":{"hostingSite":"tpq-server"},"state":"ACTIVE","etag":"1_5c5d8aa8-f2fc-431f-9bd7-4c5e789130f8"}
[info] 
[info] Your public directory is the folder (relative to your project directory) that
[info] will contain Hosting assets to be uploaded with firebase deploy. If you
[info] have a build process for your assets, use your build's output directory.
[info] 
[debug] [2024-03-19T19:40:21.837Z] >>> [apiv2][query] GET https://www.gstatic.com/firebasejs/releases.json [none]
[debug] [2024-03-19T19:40:21.958Z] <<< [apiv2][status] GET https://www.gstatic.com/firebasejs/releases.json 200
[debug] [2024-03-19T19:40:21.959Z] <<< [apiv2][body] GET https://www.gstatic.com/firebasejs/releases.json {"current":{"version":"10.9.0","browserURL":"https://www.gstatic.com/firebasejs/10.9.0/firebase.js","packageURL":"https://www.gstatic.com/firebasejs/10.9.0/firebase.tgz"},"live":{"version":"10.9","browserURL":"https://www.gstatic.com/firebasejs/live/10.9/firebase.js","packageURL":"https://www.gstatic.com/firebasejs/live/10.9/firebase.tgz"},"components":{"analytics":"https://www.gstatic.com/firebasejs/10.9.0/firebase-analytics.js","app":"https://www.gstatic.com/firebasejs/10.9.0/firebase-app.js","app-check":"https://www.gstatic.com/firebasejs/10.9.0/firebase-app-check.js","auth":"https://www.gstatic.com/firebasejs/10.9.0/firebase-auth.js","auth/cordova":"https://www.gstatic.com/firebasejs/10.9.0/firebase-auth/cordova.js","auth/web-extension":"https://www.gstatic.com/firebasejs/10.9.0/firebase-auth/web-extension.js","functions":"https://www.gstatic.com/firebasejs/10.9.0/firebase-functions.js","firestore":"https://www.gstatic.com/firebasejs/10.9.0/firebase-firestore.js","firestore/lite":"https://www.gstatic.com/firebasejs/10.9.0/firebase-firestore/lite.js","installations":"https://www.gstatic.com/firebasejs/10.9.0/firebase-installations.js","storage":"https://www.gstatic.com/firebasejs/10.9.0/firebase-storage.js","performance":"https://www.gstatic.com/firebasejs/10.9.0/firebase-performance.js","remote-config":"https://www.gstatic.com/firebasejs/10.9.0/firebase-remote-config.js","messaging":"https://www.gstatic.com/firebasejs/10.9.0/firebase-messaging.js","messaging/sw":"https://www.gstatic.com/firebasejs/10.9.0/firebase-messaging/sw.js","database":"https://www.gstatic.com/firebasejs/10.9.0/firebase-database.js","firestore.memory":"https://www.gstatic.com/firebasejs/10.9.0/firebase-firestore.memory.js"}}
[info] ✔  Wrote public/index.html 
[info] 
[info] i  Didn't detect a .git folder. Assuming /home/zachbell09/Desktop/Tpq-site is the project root. 
[info] i  Authorizing with GitHub to upload your service account to a GitHub repository's secrets store. 
[info] 
[info] Visit this URL on this device to log in:
[info] https://github.com/login/oauth/authorize?client_id=89cf50f02ac6aaed3484&state=57123798&redirect_uri=http%3A%2F%2Flocalhost%3A9005&scope=read%3Auser%20repo%20public_repo
[info] 
[info] Waiting for authentication...
[debug] [2024-03-19T19:40:44.304Z] >>> [apiv2][query] POST https://github.com/login/oauth/access_token [none]
[debug] [2024-03-19T19:40:44.311Z] >>> [apiv2][body] POST https://github.com/login/oauth/access_token [stream]
[debug] [2024-03-19T19:40:44.567Z] <<< [apiv2][status] POST https://github.com/login/oauth/access_token 200
[debug] [2024-03-19T19:40:44.568Z] <<< [apiv2][body] POST https://github.com/login/oauth/access_token {"access_token":"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","token_type":"bearer","scope":"read:user,repo"}
[debug] [2024-03-19T19:40:44.573Z] >>> [apiv2][query] GET https://api.github.com/user [none]
[debug] [2024-03-19T19:40:44.823Z] <<< [apiv2][status] GET https://api.github.com/user 200
[debug] [2024-03-19T19:40:44.824Z] <<< [apiv2][body] GET https://api.github.com/user {"login":"ZachMcGuire","id":117536520,"node_id":"U_kgDOBwF3CA","avatar_url":"https://avatars.githubusercontent.com/u/117536520?v=4","gravatar_id":"","url":"https://api.github.com/users/ZachMcGuire","html_url":"https://github.com/ZachMcGuire","followers_url":"https://api.github.com/users/ZachMcGuire/followers","following_url":"https://api.github.com/users/ZachMcGuire/following{/other_user}","gists_url":"https://api.github.com/users/ZachMcGuire/gists{/gist_id}","starred_url":"https://api.github.com/users/ZachMcGuire/starred{/owner}{/repo}","subscriptions_url":"https://api.github.com/users/ZachMcGuire/subscriptions","organizations_url":"https://api.github.com/users/ZachMcGuire/orgs","repos_url":"https://api.github.com/users/ZachMcGuire/repos","events_url":"https://api.github.com/users/ZachMcGuire/events{/privacy}","received_events_url":"https://api.github.com/users/ZachMcGuire/received_events","type":"User","site_admin":false,"name":"Zach McGuire","company":null,"blog":"","location":"Middlebury, IN","email":null,"hireable":null,"bio":null,"twitter_username":null,"public_repos":36,"public_gists":0,"followers":0,"following":4,"created_at":"2022-11-05T17:47:50Z","updated_at":"2024-03-15T16:37:04Z","private_gists":0,"total_private_repos":5,"owned_private_repos":5,"disk_usage":11925,"collaborators":0,"two_factor_authentication":false,"plan":{"name":"free","space":976562499,"collaborators":0,"private_repos":10000}}
[info] 
[info] ✔  Success! Logged into GitHub as ZachMcGuire 
[info] 
[debug] [2024-03-19T19:41:23.105Z] >>> [apiv2][query] GET https://api.github.com/repos/repository/actions/secrets/public-key type=owner
[debug] [2024-03-19T19:41:23.297Z] <<< [apiv2][status] GET https://api.github.com/repos/repository/actions/secrets/public-key 404
[debug] [2024-03-19T19:41:23.298Z] <<< [apiv2][body] GET https://api.github.com/repos/repository/actions/secrets/public-key {"message":"Not Found","documentation_url":"https://docs.github.com/rest"}
[info] 
[info] 
[error] ⚠  The provided authorization cannot be used with this repository. If this repository is in an organization, did you remember to grant access? 
[info] 
[info] i  Action required: Visit this URL to ensure access has been granted to the appropriate organization(s) for the Firebase CLI GitHub OAuth App: 
[info] https://github.com/settings/connections/applications/89cf50f02ac6aaed3484
[info] 
